TN:
SF:src/config/config.js
FN:8,(anonymous_0)
FN:43,(anonymous_1)
FN:70,(anonymous_2)
FN:71,(anonymous_3)
FN:77,(anonymous_4)
FN:80,(anonymous_5)
FN:91,(anonymous_6)
FNF:7
FNH:5
FNDA:1,(anonymous_0)
FNDA:0,(anonymous_1)
FNDA:27,(anonymous_2)
FNDA:54,(anonymous_3)
FNDA:24,(anonymous_4)
FNDA:24,(anonymous_5)
FNDA:0,(anonymous_6)
DA:5,1
DA:9,1
DA:44,0
DA:50,0
DA:52,0
DA:53,0
DA:54,0
DA:55,0
DA:59,0
DA:60,0
DA:61,0
DA:64,0
DA:71,54
DA:78,24
DA:79,24
DA:80,24
DA:81,24
DA:82,24
DA:85,24
DA:92,0
DA:96,1
LF:21
LH:10
BRDA:12,0,0,1
BRDA:12,0,1,0
BRDA:20,1,0,1
BRDA:20,1,1,1
BRDA:25,2,0,1
BRDA:25,2,1,1
BRDA:26,3,0,1
BRDA:26,3,1,1
BRDA:31,4,0,1
BRDA:31,4,1,0
BRDA:32,5,0,1
BRDA:32,5,1,1
BRDA:33,6,0,1
BRDA:33,6,1,0
BRDA:34,7,0,1
BRDA:34,7,1,1
BRDA:35,8,0,1
BRDA:35,8,1,1
BRDA:54,9,0,0
BRDA:54,9,1,0
BRDA:59,10,0,0
BRDA:59,10,1,0
BRDA:81,11,0,0
BRDA:81,11,1,24
BRF:24
BRH:16
end_of_record
TN:
SF:src/connectors/dataSourceConnector.js
FN:10,(anonymous_0)
FN:34,(anonymous_1)
FN:46,(anonymous_2)
FN:50,(anonymous_3)
FN:58,(anonymous_4)
FN:62,(anonymous_5)
FN:78,(anonymous_6)
FN:116,(anonymous_7)
FN:141,(anonymous_8)
FN:157,(anonymous_9)
FN:182,(anonymous_10)
FN:204,(anonymous_11)
FN:205,(anonymous_12)
FNF:13
FNH:2
FNDA:4,(anonymous_0)
FNDA:4,(anonymous_1)
FNDA:0,(anonymous_2)
FNDA:0,(anonymous_3)
FNDA:0,(anonymous_4)
FNDA:0,(anonymous_5)
FNDA:0,(anonymous_6)
FNDA:0,(anonymous_7)
FNDA:0,(anonymous_8)
FNDA:0,(anonymous_9)
FNDA:0,(anonymous_10)
FNDA:0,(anonymous_11)
FNDA:0,(anonymous_12)
DA:6,1
DA:7,1
DA:11,4
DA:12,4
DA:13,4
DA:14,4
DA:15,4
DA:18,4
DA:28,4
DA:35,4
DA:37,0
DA:38,4
DA:40,0
DA:41,0
DA:45,4
DA:47,0
DA:48,0
DA:51,0
DA:52,0
DA:57,4
DA:59,0
DA:60,0
DA:63,0
DA:70,0
DA:79,0
DA:80,0
DA:82,0
DA:83,0
DA:84,0
DA:86,0
DA:87,0
DA:89,0
DA:91,0
DA:92,0
DA:93,0
DA:94,0
DA:96,0
DA:100,0
DA:103,0
DA:104,0
DA:107,0
DA:108,0
DA:117,0
DA:119,0
DA:126,0
DA:133,0
DA:134,0
DA:142,0
DA:143,0
DA:145,0
DA:146,0
DA:149,0
DA:150,0
DA:158,0
DA:159,0
DA:162,0
DA:164,0
DA:165,0
DA:166,0
DA:168,0
DA:169,0
DA:173,0
DA:174,0
DA:183,0
DA:184,0
DA:186,0
DA:193,0
DA:196,0
DA:197,0
DA:205,0
DA:209,1
LF:71
LH:14
BRDA:35,0,0,0
BRDA:35,0,1,4
BRDA:38,1,0,0
BRDA:38,1,1,4
BRDA:38,2,0,4
BRDA:38,2,1,0
BRDA:91,3,0,0
BRDA:91,3,1,0
BRDA:91,4,0,0
BRDA:91,4,1,0
BRDA:94,5,0,0
BRDA:94,5,1,0
BRDA:122,6,0,0
BRDA:122,6,1,0
BRDA:127,7,0,0
BRDA:127,7,1,0
BRDA:127,7,2,0
BRDA:128,8,0,0
BRDA:128,8,1,0
BRDA:128,8,2,0
BRDA:129,9,0,0
BRDA:129,9,1,0
BRDA:129,9,2,0
BRDA:164,10,0,0
BRDA:164,10,1,0
BRDA:189,11,0,0
BRDA:189,11,1,0
BRDA:193,12,0,0
BRDA:193,12,1,0
BRDA:193,12,2,0
BRF:30
BRH:3
end_of_record
TN:
SF:src/connectors/pluginManager.js
FN:11,(anonymous_0)
FN:22,(anonymous_1)
FN:50,(anonymous_2)
FN:57,(anonymous_3)
FN:68,(anonymous_4)
FN:88,(anonymous_5)
FN:102,(anonymous_6)
FN:117,(anonymous_7)
FN:148,(anonymous_8)
FN:159,(anonymous_9)
FN:179,(anonymous_10)
FN:207,(anonymous_11)
FN:208,(anonymous_12)
FNF:13
FNH:5
FNDA:4,(anonymous_0)
FNDA:0,(anonymous_1)
FNDA:0,(anonymous_2)
FNDA:0,(anonymous_3)
FNDA:2,(anonymous_4)
FNDA:2,(anonymous_5)
FNDA:3,(anonymous_6)
FNDA:0,(anonymous_7)
FNDA:1,(anonymous_8)
FNDA:0,(anonymous_9)
FNDA:0,(anonymous_10)
FNDA:0,(anonymous_11)
FNDA:0,(anonymous_12)
DA:6,1
DA:7,1
DA:8,1
DA:12,4
DA:13,4
DA:16,4
DA:23,0
DA:24,0
DA:27,0
DA:29,0
DA:30,0
DA:31,0
DA:34,0
DA:37,0
DA:39,0
DA:42,0
DA:43,0
DA:51,0
DA:52,0
DA:54,0
DA:57,0
DA:60,0
DA:61,0
DA:69,2
DA:89,2
DA:92,2
DA:93,2
DA:94,2
DA:96,2
DA:103,3
DA:104,3
DA:105,3
DA:111,3
DA:118,0
DA:119,0
DA:121,0
DA:123,0
DA:124,0
DA:125,0
DA:127,0
DA:128,0
DA:129,0
DA:132,0
DA:133,0
DA:137,0
DA:140,0
DA:149,1
DA:150,1
DA:151,3
DA:153,1
DA:160,0
DA:166,0
DA:168,0
DA:169,0
DA:173,0
DA:180,0
DA:181,0
DA:183,0
DA:184,0
DA:185,0
DA:187,0
DA:188,0
DA:190,0
DA:191,0
DA:194,0
DA:196,0
DA:197,0
DA:198,0
DA:208,0
DA:212,1
LF:70
LH:21
BRDA:29,0,0,0
BRDA:29,0,1,0
BRDA:70,1,0,2
BRDA:70,1,1,1
BRDA:71,2,0,2
BRDA:71,2,1,0
BRDA:71,2,2,0
BRDA:73,3,0,2
BRDA:73,3,1,0
BRDA:73,3,2,0
BRDA:77,4,0,2
BRDA:77,4,1,1
BRDA:77,4,2,1
BRDA:78,5,0,2
BRDA:78,5,1,1
BRDA:79,6,0,2
BRDA:79,6,1,2
BRDA:92,7,0,1
BRDA:92,7,1,1
BRDA:93,8,0,0
BRDA:93,8,1,2
BRDA:94,9,0,0
BRDA:94,9,1,2
BRDA:132,10,0,0
BRDA:132,10,1,0
BRDA:168,11,0,0
BRDA:168,11,1,0
BRDA:168,12,0,0
BRDA:168,12,1,0
BRDA:196,13,0,0
BRDA:196,13,1,0
BRF:31
BRH:15
end_of_record
TN:
SF:src/utils/logger.js
FN:45,(anonymous_0)
FNF:1
FNH:0
FNDA:0,(anonymous_0)
DA:5,1
DA:8,1
DA:40,1
DA:41,1
DA:46,0
DA:53,1
DA:54,1
DA:55,1
DA:57,1
DA:58,0
DA:61,1
LF:11
LH:9
BRDA:9,0,0,1
BRDA:9,0,1,0
BRDA:19,1,0,1
BRDA:19,1,1,1
BRDA:40,2,0,1
BRDA:40,2,1,0
BRDA:46,3,0,0
BRDA:46,3,1,0
BRDA:57,4,0,0
BRDA:57,4,1,1
BRF:10
BRH:5
end_of_record
